<?xml version="1.0" encoding="UTF-8"?>
<!-- Generated by org.testng.reporters.JUnitXMLReporter -->
<testsuite ignored="8" hostname="BhanuReddyPc" failures="0" tests="3" name="Test1" time="0.128" errors="0" timestamp="2026-01-30T17:25:54 IST">
  <testcase classname="Demo.Login" name="loginwithvalidusernameonly" time="0.014"/>
  <testcase classname="Demo.Login" name="loginwithpasswordonly" time="0.002"/>
  <testcase classname="Demo.Register" name="Registerwithputchckbox" time="0.002"/>
  <testcase classname="Demo.Search" name="validsearchproduct" time="0.0">
    <ignored/>
  </testcase> <!-- validsearchproduct -->
  <testcase classname="Demo.Login" name="loginwithinvalidceredentials" time="0.0">
    <ignored/>
  </testcase> <!-- loginwithinvalidceredentials -->
  <testcase classname="Demo.Login" name="loginwithnousername" time="0.0">
    <ignored/>
  </testcase> <!-- loginwithnousername -->
  <testcase classname="Demo.Login" name="loginwithvalidceredentials" time="0.0">
    <ignored/>
  </testcase> <!-- loginwithvalidceredentials -->
  <testcase classname="Demo.Register" name="Mandatoryfields" time="0.0">
    <ignored/>
  </testcase> <!-- Mandatoryfields -->
  <testcase classname="Demo.Register" name="Allfields" time="0.0">
    <ignored/>
  </testcase> <!-- Allfields -->
  <testcase classname="Demo.Register" name="registerwithnodata" time="0.0">
    <ignored/>
  </testcase> <!-- registerwithnodata -->
  <testcase classname="Demo.Search" name="Invalidsearchproduct" time="0.0">
    <ignored/>
  </testcase> <!-- Invalidsearchproduct -->
</testsuite> <!-- Test1 -->
