<?xml version="1.0" encoding="UTF-8"?>
<testng-results ignored="0" total="2" passed="2" failed="0" skipped="0">
  <reporter-output>
  </reporter-output>
  <suite started-at="2026-01-22T20:14:48 IST" name="Default suite" finished-at="2026-01-22T20:15:01 IST" duration-ms="12508">
    <groups>
    </groups>
    <test started-at="2026-01-22T20:14:48 IST" name="Default test" finished-at="2026-01-22T20:15:01 IST" duration-ms="12508">
      <class name="Login.Lopginfunction1">
        <test-method signature="loginwithvalidceredentials(java.lang.String)[pri:1, instance:Login.Lopginfunction1@3098cf3b]" started-at="2026-01-22T20:14:48 IST" name="loginwithvalidceredentials" finished-at="2026-01-22T20:14:55 IST" duration-ms="6996" status="PASS">
          <params>
            <param index="0">
              <value>
                <![CDATA[https://tutorialsninja.com/demo/]]>
              </value>
            </param>
          </params>
          <reporter-output>
          </reporter-output>
        </test-method> <!-- loginwithvalidceredentials -->
        <test-method signature="loginwithinvalidceredentials(java.lang.String,java.lang.String,java.lang.String)[pri:2, instance:Login.Lopginfunction1@3098cf3b]" started-at="2026-01-22T20:14:55 IST" name="loginwithinvalidceredentials" finished-at="2026-01-22T20:15:01 IST" duration-ms="5447" status="PASS">
          <params>
            <param index="0">
              <value>
                <![CDATA[https://tutorialsninja.com/demo/]]>
              </value>
            </param>
            <param index="1">
              <value>
                <![CDATA[abc]]>
              </value>
            </param>
            <param index="2">
              <value>
                <![CDATA[abc]]>
              </value>
            </param>
          </params>
          <reporter-output>
          </reporter-output>
        </test-method> <!-- loginwithinvalidceredentials -->
      </class> <!-- Login.Lopginfunction1 -->
    </test> <!-- Default test -->
  </suite> <!-- Default suite -->
</testng-results>
