<?xml version="1.0" encoding="UTF-8"?>
<testng-results ignored="5" total="9" passed="4" failed="0" skipped="0">
  <reporter-output>
  </reporter-output>
  <suite started-at="2026-01-23T10:56:17 IST" name="Suite" finished-at="2026-01-23T10:56:17 IST" duration-ms="79">
    <groups>
    </groups>
    <test started-at="2026-01-23T10:56:17 IST" name="SmokeTest" finished-at="2026-01-23T10:56:17 IST" duration-ms="79">
      <class name="Demo.Register">
        <test-method signature="Registerwithputchckbox()[pri:3, instance:Demo.Register@41d477ed]" started-at="2026-01-23T10:56:17 IST" name="Registerwithputchckbox" finished-at="2026-01-23T10:56:17 IST" duration-ms="1" status="PASS">
          <reporter-output>
          </reporter-output>
        </test-method> <!-- Registerwithputchckbox -->
        <test-method signature="registerwithnodata()[pri:4, instance:Demo.Register@41d477ed]" started-at="2026-01-23T10:56:17 IST" name="registerwithnodata" finished-at="2026-01-23T10:56:17 IST" duration-ms="4" status="PASS">
          <reporter-output>
          </reporter-output>
        </test-method> <!-- registerwithnodata -->
      </class> <!-- Demo.Register -->
      <class name="Demo.Login">
        <test-method signature="loginwithvalidusernameonly()[pri:2, instance:Demo.Login@7b98f307]" started-at="2026-01-23T10:56:17 IST" name="loginwithvalidusernameonly" finished-at="2026-01-23T10:56:17 IST" duration-ms="12" status="PASS">
          <reporter-output>
          </reporter-output>
        </test-method> <!-- loginwithvalidusernameonly -->
        <test-method signature="loginwithpasswordonly()[pri:3, instance:Demo.Login@7b98f307]" started-at="2026-01-23T10:56:17 IST" name="loginwithpasswordonly" finished-at="2026-01-23T10:56:17 IST" duration-ms="1" status="PASS">
          <reporter-output>
          </reporter-output>
        </test-method> <!-- loginwithpasswordonly -->
      </class> <!-- Demo.Login -->
    </test> <!-- SmokeTest -->
  </suite> <!-- Suite -->
</testng-results>
