<?xml version="1.0" encoding="UTF-8"?>
<!-- Generated by org.testng.reporters.JUnitXMLReporter -->
<testsuite ignored="0" hostname="BhanuReddyPc" failures="1" tests="11" name="Test" time="0.193" errors="0" timestamp="2026-01-30T17:37:24 IST">
  <testcase classname="Login.Register" name="Mandatoryfields" time="0.012"/>
  <testcase classname="Login.Register" name="Allfields" time="0.005"/>
  <testcase classname="Login.Register" name="Registerwithputchckbox" time="0.011"/>
  <testcase classname="Login.Register" name="registerwithnodata" time="0.003"/>
  <testcase classname="Login.Login" name="Loginwithvalidcredentials" time="0.004"/>
  <testcase classname="Login.Login" name="Loginwithinvalidcredentials" time="0.009">
    <failure type="java.lang.AssertionError" message="expected [true] but found [false]">
      <![CDATA[java.lang.AssertionError: expected [true] but found [false]
at Login.Login.Loginwithinvalidcredentials(Login.java:15)
at java.base/java.util.ArrayList.forEach(ArrayList.java:1596)
... Removed 29 stack frames]]>
    </failure>
  </testcase> <!-- Loginwithinvalidcredentials -->
  <testcase classname="Login.Login" name="Loginwithnocredentials" time="0.001">
    <skipped/>
  </testcase> <!-- Loginwithnocredentials -->
  <testcase classname="Login.Login" name="Loginwithvalidunameandnopassword" time="0.007"/>
  <testcase classname="Login.Login" name="Loginwithnousernameandvalidpassword" time="0.002"/>
  <testcase classname="Login.Search" name="validsearchproduct" time="0.002"/>
  <testcase classname="Login.Search" name="Invalidsearchproduct" time="0.002"/>
</testsuite> <!-- Test -->
