<?xml version="1.0" encoding="UTF-8"?>
<!-- Generated by org.testng.reporters.JUnitXMLReporter -->
<testsuite ignored="5" hostname="BhanuReddyPc" failures="0" tests="4" name="SmokeTest" time="0.079" errors="0" timestamp="2026-01-23T10:56:17 IST">
  <testcase classname="Demo.Login" name="loginwithvalidusernameonly" time="0.012"/>
  <testcase classname="Demo.Login" name="loginwithpasswordonly" time="0.001"/>
  <testcase classname="Demo.Register" name="Registerwithputchckbox" time="0.001"/>
  <testcase classname="Demo.Register" name="registerwithnodata" time="0.004"/>
  <testcase classname="Demo.Login" name="loginwithinvalidceredentials" time="0.0">
    <ignored/>
  </testcase> <!-- loginwithinvalidceredentials -->
  <testcase classname="Demo.Login" name="loginwithvalidceredentials" time="0.0">
    <ignored/>
  </testcase> <!-- loginwithvalidceredentials -->
  <testcase classname="Demo.Register" name="Mandatoryfields" time="0.0">
    <ignored/>
  </testcase> <!-- Mandatoryfields -->
  <testcase classname="Demo.Login" name="loginwithnousername" time="0.0">
    <ignored/>
  </testcase> <!-- loginwithnousername -->
  <testcase classname="Demo.Register" name="Allfields" time="0.0">
    <ignored/>
  </testcase> <!-- Allfields -->
</testsuite> <!-- SmokeTest -->
