<?xml version="1.0" encoding="UTF-8"?>
<!-- Generated by org.testng.reporters.JUnitReportReporter -->
<testsuite hostname="BhanuReddyPc" failures="0" tests="5" name="Login.Lopginfunction1" time="36.312" errors="0" timestamp="2026-01-30T09:20:36 IST" skipped="0">
  <testcase classname="Login.Lopginfunction1" name="loginwithvalidceredentials" time="6.583"/>
  <testcase classname="Login.Lopginfunction1" name="loginwithvalidceredentials" time="6.521"/>
  <testcase classname="Login.Lopginfunction1" name="loginwithvalidceredentials" time="6.492"/>
  <testcase classname="Login.Lopginfunction1" name="loginwithvalidceredentials" time="9.002"/>
  <testcase classname="Login.Lopginfunction1" name="loginwithvalidceredentials" time="7.714"/>
</testsuite> <!-- Login.Lopginfunction1 -->
