<?xml version="1.0" encoding="UTF-8"?>
<!-- Generated by org.testng.reporters.JUnitXMLReporter -->
<testsuite ignored="4" hostname="BhanuReddyPc" failures="0" tests="1" name="Default test" time="4.896" errors="0" timestamp="2026-02-04T22:57:02 IST">
  <testcase classname="Basic.Basic_01.Postmethodinrestassured" name="addproductusingexternalJsonFile" time="4.856"/>
  <testcase classname="Basic.Basic_01.Postmethodinrestassured" name="addproductusingJSONAsString" time="0.0">
    <ignored/>
  </testcase> <!-- addproductusingJSONAsString -->
  <testcase classname="Basic.Basic_01.Postmethodinrestassured" name="addproductUsingPOJOClass" time="0.0">
    <ignored/>
  </testcase> <!-- addproductUsingPOJOClass -->
  <testcase classname="Basic.Basic_01.Postmethodinrestassured" name="addProductUsingJsonObject" time="0.0">
    <ignored/>
  </testcase> <!-- addProductUsingJsonObject -->
  <testcase classname="Basic.Basic_01.Postmethodinrestassured" name="addProductusingMap" time="0.0">
    <ignored/>
  </testcase> <!-- addProductusingMap -->
</testsuite> <!-- Default test -->
