<?xml version="1.0" encoding="UTF-8"?>
<testng-results ignored="0" total="1" passed="1" failed="0" skipped="0">
  <reporter-output>
  </reporter-output>
  <suite started-at="2026-02-04T18:18:45 IST" name="Default suite" finished-at="2026-02-04T18:18:47 IST" duration-ms="2150">
    <groups>
    </groups>
    <test started-at="2026-02-04T18:18:45 IST" name="Default test" finished-at="2026-02-04T18:18:47 IST" duration-ms="2150">
      <class name="DeSerialization.Deserializationexample">
        <test-method signature="deserlizeinrestassured()[pri:0, instance:DeSerialization.Deserializationexample@61862a7f]" started-at="2026-02-04T18:18:45 IST" name="deserlizeinrestassured" finished-at="2026-02-04T18:18:47 IST" duration-ms="2112" status="PASS">
          <reporter-output>
          </reporter-output>
        </test-method> <!-- deserlizeinrestassured -->
      </class> <!-- DeSerialization.Deserializationexample -->
    </test> <!-- Default test -->
  </suite> <!-- Default suite -->
</testng-results>
