<?xml version="1.0" encoding="UTF-8"?>
<!-- Generated by org.testng.reporters.JUnitReportReporter -->
<testsuite hostname="BhanuReddyPc" failures="0" tests="5" name="Testserialization.login" time="0.024" errors="0" timestamp="2026-01-29T16:44:22 IST" skipped="0">
  <testcase classname="Testserialization.login" name="loginwithvalidcredentials" time="0.006"/>
  <testcase classname="Testserialization.login" name="loginwithInvalidcredentials" time="0.008"/>
  <testcase classname="Testserialization.login" name="loginwithvalidusernameandInvalidpassword" time="0.004"/>
  <testcase classname="Testserialization.login" name="loginwithInvalidUsernameandinvalidpassword" time="0.002"/>
  <testcase classname="Testserialization.login" name="loginwithnocredentials" time="0.004"/>
</testsuite> <!-- Testserialization.login -->
