<?xml version="1.0" encoding="UTF-8"?>
<!-- Generated by org.testng.reporters.JUnitReportReporter -->
<testsuite hostname="BhanuReddyPc" failures="0" tests="3" name="Testserialization.Search2" time="0.018" errors="0" timestamp="2026-01-29T16:44:22 IST" skipped="0">
  <testcase classname="Testserialization.Search2" name="Validsearch2" time="0.009"/>
  <testcase classname="Testserialization.Search2" name="InValidsearch2" time="0.005"/>
  <testcase classname="Testserialization.Search2" name="Noinputsearch2" time="0.004"/>
</testsuite> <!-- Testserialization.Search2 -->
