<?xml version="1.0" encoding="UTF-8"?>
<!-- Generated by org.testng.reporters.JUnitXMLReporter -->
<testsuite ignored="0" hostname="BhanuReddyPc" failures="0" tests="5" name="Logintest" time="0.186" errors="0" timestamp="2026-01-29T16:11:21 IST">
  <testcase classname="Testserialization.login" name="loginwithvalidcredentials" time="0.013"/>
  <testcase classname="Testserialization.login" name="loginwithInvalidcredentials" time="0.006"/>
  <testcase classname="Testserialization.login" name="loginwithvalidusernameandInvalidpassword" time="0.001"/>
  <testcase classname="Testserialization.login" name="loginwithInvalidUsernameandinvalidpassword" time="0.006"/>
  <testcase classname="Testserialization.login" name="loginwithnocredentials" time="0.03"/>
</testsuite> <!-- Logintest -->
