<?xml version="1.0" encoding="UTF-8"?>
<!-- Generated by org.testng.reporters.JUnitXMLReporter -->
<testsuite ignored="0" hostname="BhanuReddyPc" failures="0" tests="4" name="Registertest" time="0.131" errors="0" timestamp="2026-01-29T16:11:21 IST">
  <testcase classname="Testserialization.Register" name="registerwithallfields" time="0.013"/>
  <testcase classname="Testserialization.Register" name="registerwithcheckboxfields" time="0.004"/>
  <testcase classname="Testserialization.Register" name="registerwithnocheckboxfields" time="0.004"/>
  <testcase classname="Testserialization.Register" name="registerwithmandatoryfields" time="0.035"/>
</testsuite> <!-- Registertest -->
