<?xml version="1.0" encoding="UTF-8"?>
<testng-results ignored="0" total="1" passed="1" failed="0" skipped="0">
  <reporter-output>
  </reporter-output>
  <suite started-at="2026-02-05T19:51:39 IST" name="Default suite" finished-at="2026-02-05T19:51:41 IST" duration-ms="2329">
    <groups>
    </groups>
    <test started-at="2026-02-05T19:51:39 IST" name="Default test" finished-at="2026-02-05T19:51:41 IST" duration-ms="2329">
      <class name="Basic.Basic_01.Putmethodinrestassured">
        <test-method signature="putmethodexample()[pri:0, instance:Basic.Basic_01.Putmethodinrestassured@59662a0b]" started-at="2026-02-05T19:51:39 IST" name="putmethodexample" finished-at="2026-02-05T19:51:41 IST" duration-ms="2274" status="PASS">
          <reporter-output>
          </reporter-output>
        </test-method> <!-- putmethodexample -->
      </class> <!-- Basic.Basic_01.Putmethodinrestassured -->
    </test> <!-- Default test -->
  </suite> <!-- Default suite -->
</testng-results>
