<?xml version="1.0" encoding="UTF-8"?>
<testng-results ignored="0" total="4" passed="4" failed="0" skipped="0">
  <reporter-output>
  </reporter-output>
  <suite started-at="2026-01-23T19:16:03 IST" name="Suite" finished-at="2026-01-23T19:16:03 IST" duration-ms="174">
    <groups>
      <group name="All">
        <method signature="Register.Mandatoryfields()[pri:1, instance:Demo.Register@7b98f307]" name="Mandatoryfields" class="Demo.Register"/>
        <method signature="Register.Allfields()[pri:2, instance:Demo.Register@7b98f307]" name="Allfields" class="Demo.Register"/>
        <method signature="Register.Registerwithputchckbox()[pri:3, instance:Demo.Register@7b98f307]" name="Registerwithputchckbox" class="Demo.Register"/>
        <method signature="Register.registerwithnodata()[pri:4, instance:Demo.Register@7b98f307]" name="registerwithnodata" class="Demo.Register"/>
      </group> <!-- All -->
      <group name="Sanity">
        <method signature="Register.Registerwithputchckbox()[pri:3, instance:Demo.Register@7b98f307]" name="Registerwithputchckbox" class="Demo.Register"/>
      </group> <!-- Sanity -->
      <group name="Register">
        <method signature="Register.Mandatoryfields()[pri:1, instance:Demo.Register@7b98f307]" name="Mandatoryfields" class="Demo.Register"/>
        <method signature="Register.Allfields()[pri:2, instance:Demo.Register@7b98f307]" name="Allfields" class="Demo.Register"/>
        <method signature="Register.Registerwithputchckbox()[pri:3, instance:Demo.Register@7b98f307]" name="Registerwithputchckbox" class="Demo.Register"/>
        <method signature="Register.registerwithnodata()[pri:4, instance:Demo.Register@7b98f307]" name="registerwithnodata" class="Demo.Register"/>
      </group> <!-- Register -->
      <group name="Regression">
        <method signature="Register.registerwithnodata()[pri:4, instance:Demo.Register@7b98f307]" name="registerwithnodata" class="Demo.Register"/>
      </group> <!-- Regression -->
      <group name="Smoke">
        <method signature="Register.Mandatoryfields()[pri:1, instance:Demo.Register@7b98f307]" name="Mandatoryfields" class="Demo.Register"/>
        <method signature="Register.Allfields()[pri:2, instance:Demo.Register@7b98f307]" name="Allfields" class="Demo.Register"/>
      </group> <!-- Smoke -->
    </groups>
    <test started-at="2026-01-23T19:16:03 IST" name="Test1" finished-at="2026-01-23T19:16:03 IST" duration-ms="174">
      <class name="Demo.Register">
        <test-method signature="Mandatoryfields()[pri:1, instance:Demo.Register@7b98f307]" started-at="2026-01-23T19:16:03 IST" name="Mandatoryfields" finished-at="2026-01-23T19:16:03 IST" duration-ms="16" status="PASS">
          <reporter-output>
          </reporter-output>
        </test-method> <!-- Mandatoryfields -->
        <test-method signature="Allfields()[pri:2, instance:Demo.Register@7b98f307]" started-at="2026-01-23T19:16:03 IST" name="Allfields" finished-at="2026-01-23T19:16:03 IST" duration-ms="4" status="PASS">
          <reporter-output>
          </reporter-output>
        </test-method> <!-- Allfields -->
        <test-method signature="Registerwithputchckbox()[pri:3, instance:Demo.Register@7b98f307]" started-at="2026-01-23T19:16:03 IST" name="Registerwithputchckbox" finished-at="2026-01-23T19:16:03 IST" duration-ms="3" status="PASS">
          <reporter-output>
          </reporter-output>
        </test-method> <!-- Registerwithputchckbox -->
        <test-method signature="registerwithnodata()[pri:4, instance:Demo.Register@7b98f307]" started-at="2026-01-23T19:16:03 IST" name="registerwithnodata" finished-at="2026-01-23T19:16:03 IST" duration-ms="2" status="PASS">
          <reporter-output>
          </reporter-output>
        </test-method> <!-- registerwithnodata -->
      </class> <!-- Demo.Register -->
    </test> <!-- Test1 -->
  </suite> <!-- Suite -->
</testng-results>
