<?xml version="1.0" encoding="UTF-8"?>
<!-- Generated by org.testng.reporters.JUnitXMLReporter -->
<testsuite ignored="2" hostname="BhanuReddyPc" failures="0" tests="1" name="Default test" time="3.556" errors="0" timestamp="2026-02-03T15:59:39 IST">
  <testcase classname="Basic.Basic_01.ResponseJsonbody" name="readjsonresponseandvalidate" time="3.51"/>
  <testcase classname="Basic.Basic_01.ResponseJsonbody" name="readjsonresponsestringvalidate" time="0.0">
    <ignored/>
  </testcase> <!-- readjsonresponsestringvalidate -->
  <testcase classname="Basic.Basic_01.ResponseJsonbody" name="Readjsonbody" time="0.0">
    <ignored/>
  </testcase> <!-- Readjsonbody -->
</testsuite> <!-- Default test -->
