<?xml version="1.0" encoding="UTF-8"?>
<!-- Generated by org.testng.reporters.JUnitReportReporter -->
<testsuite hostname="BhanuReddyPc" failures="0" tests="5" name="Demo.Set_iterator" time="0.023" errors="0" timestamp="2026-01-27T22:31:38 IST" skipped="0">
  <testcase classname="Demo.Set_iterator" name="Stringmethod" time="0.002"/>
  <testcase classname="Demo.Set_iterator" name="Stringmethod" time="0.006"/>
  <testcase classname="Demo.Set_iterator" name="Stringmethod" time="0.003"/>
  <testcase classname="Demo.Set_iterator" name="Stringmethod" time="0.002"/>
  <testcase classname="Demo.Set_iterator" name="Stringmethod" time="0.010"/>
</testsuite> <!-- Demo.Set_iterator -->
