<?xml version="1.0" encoding="UTF-8"?>
<!-- Generated by org.testng.reporters.JUnitXMLReporter -->
<testsuite ignored="0" hostname="BhanuReddyPc" failures="0" tests="3" name="Default test" time="0.09" errors="0" timestamp="2026-01-27T20:34:15 IST">
  <testcase classname="Demo.Lopginfunction1" name="general" time="0.016"/>
  <testcase classname="Demo.Lopginfunction1" name="general" time="0.002"/>
  <testcase classname="Demo.Lopginfunction1" name="general" time="0.002"/>
</testsuite> <!-- Default test -->
