<?xml version="1.0" encoding="UTF-8"?>
<!-- Generated by org.testng.reporters.JUnitXMLReporter -->
<testsuite ignored="0" hostname="BhanuReddyPc" failures="0" tests="6" name="Default test" time="0.091" errors="0" timestamp="2026-01-25T11:00:58 IST">
  <testcase classname="Login.Lopginfunction" name="loginwithinvalidceredentials" time="0.007"/>
  <testcase classname="Login.Lopginfunction" name="loginwithvalidceredentials" time="0.001"/>
  <testcase classname="Login.Lopginfunction" name="loginwithinvalidusernameandvalidpassword" time="0.003"/>
  <testcase classname="Login.Lopginfunction" name="loginwithvalidusernameandinvalidpassword" time="0.002"/>
  <testcase classname="Login.Lopginfunction" name="loginwithmouseactions" time="0.002"/>
  <testcase classname="Login.Lopginfunction" name="loginwithoutcredentials" time="0.003"/>
</testsuite> <!-- Default test -->
