<?xml version="1.0" encoding="UTF-8"?>
<testng-results ignored="0" total="2" passed="2" failed="0" skipped="0">
  <reporter-output>
  </reporter-output>
  <suite started-at="2026-01-27T22:57:33 IST" name="Default suite" finished-at="2026-01-27T22:57:33 IST" duration-ms="74">
    <groups>
    </groups>
    <test started-at="2026-01-27T22:57:33 IST" name="Default test" finished-at="2026-01-27T22:57:33 IST" duration-ms="74">
      <class name="Demo.Objectiterator">
        <test-method signature="Stringmethod(java.lang.String)[pri:1, instance:Demo.Objectiterator@33d512c1]" started-at="2026-01-27T22:57:33 IST" name="Stringmethod" data-provider="in" finished-at="2026-01-27T22:57:33 IST" duration-ms="9" status="PASS">
          <params>
            <param index="0">
              <value>
                <![CDATA[Anand]]>
              </value>
            </param>
          </params>
          <reporter-output>
          </reporter-output>
        </test-method> <!-- Stringmethod -->
        <test-method signature="Stringmethod(java.lang.String)[pri:1, instance:Demo.Objectiterator@33d512c1]" started-at="2026-01-27T22:57:33 IST" name="Stringmethod" data-provider="in" finished-at="2026-01-27T22:57:33 IST" duration-ms="3" status="PASS">
          <params>
            <param index="0">
              <value>
                <![CDATA[Ravi]]>
              </value>
            </param>
          </params>
          <reporter-output>
          </reporter-output>
        </test-method> <!-- Stringmethod -->
      </class> <!-- Demo.Objectiterator -->
    </test> <!-- Default test -->
  </suite> <!-- Default suite -->
</testng-results>
