<?xml version="1.0" encoding="UTF-8"?>
<!-- Generated by org.testng.reporters.JUnitReportReporter -->
<testsuite hostname="BhanuReddyPc" failures="0" tests="9" name="Test.BBD_Cucumber_Basic.RunnerTest" time="0.336" errors="0" timestamp="2026-03-25T19:22:03 IST" skipped="0">
  <testcase classname="Test.BBD_Cucumber_Basic.RunnerTest" name="runScenario" time="0.163"/>
  <testcase classname="Test.BBD_Cucumber_Basic.RunnerTest" name="runScenario" time="0.022"/>
  <testcase classname="Test.BBD_Cucumber_Basic.RunnerTest" name="runScenario" time="0.041"/>
  <testcase classname="Test.BBD_Cucumber_Basic.RunnerTest" name="runScenario" time="0.007"/>
  <testcase classname="Test.BBD_Cucumber_Basic.RunnerTest" name="runScenario" time="0.021"/>
  <testcase classname="Test.BBD_Cucumber_Basic.RunnerTest" name="runScenario" time="0.012"/>
  <testcase classname="Test.BBD_Cucumber_Basic.RunnerTest" name="runScenario" time="0.012"/>
  <testcase classname="Test.BBD_Cucumber_Basic.RunnerTest" name="runScenario" time="0.018"/>
  <testcase classname="Test.BBD_Cucumber_Basic.RunnerTest" name="runScenario" time="0.040"/>
</testsuite> <!-- Test.BBD_Cucumber_Basic.RunnerTest -->
