<?xml version="1.0" encoding="UTF-8"?>
<testng-results ignored="0" total="1" passed="1" failed="0" skipped="0">
  <reporter-output>
  </reporter-output>
  <suite started-at="2026-01-25T19:42:56 IST" name="Default suite" finished-at="2026-01-25T19:43:04 IST" duration-ms="8000">
    <groups>
    </groups>
    <test started-at="2026-01-25T19:42:56 IST" name="Default test" finished-at="2026-01-25T19:43:04 IST" duration-ms="8000">
      <class name="TestofPF.Loginpagetest">
        <test-method signature="Loginwithcredentials()[pri:0, instance:TestofPF.Loginpagetest@639c2c1d]" started-at="2026-01-25T19:42:56 IST" name="Loginwithcredentials" finished-at="2026-01-25T19:43:04 IST" duration-ms="7749" status="PASS">
          <reporter-output>
          </reporter-output>
        </test-method> <!-- Loginwithcredentials -->
        <test-method is-config="true" signature="close()[pri:0, instance:TestofPF.Loginpagetest@639c2c1d]" started-at="2026-01-25T19:43:04 IST" name="close" finished-at="2026-01-25T19:43:04 IST" duration-ms="215" status="PASS">
          <reporter-output>
          </reporter-output>
        </test-method> <!-- close -->
      </class> <!-- TestofPF.Loginpagetest -->
    </test> <!-- Default test -->
  </suite> <!-- Default suite -->
</testng-results>
