<?xml version="1.0" encoding="UTF-8"?>
<!-- Generated by org.testng.reporters.JUnitReportReporter -->
<testsuite hostname="BhanuReddyPc" failures="0" tests="3" name="Demo.Lopginfunction1" time="0.020" errors="0" timestamp="2026-01-27T20:34:15 IST" skipped="0">
  <testcase classname="Demo.Lopginfunction1" name="general" time="0.002"/>
  <testcase classname="Demo.Lopginfunction1" name="general" time="0.016"/>
  <testcase classname="Demo.Lopginfunction1" name="general" time="0.002"/>
</testsuite> <!-- Demo.Lopginfunction1 -->
