<?xml version="1.0" encoding="UTF-8"?>
<testng-results ignored="0" total="0" passed="0" failed="0" skipped="0">
  <reporter-output>
  </reporter-output>
  <suite started-at="2026-01-22T21:50:33 IST" name="Testng_Enabledisableattribute&amp;@ignoretag_13 by packages" finished-at="2026-01-22T21:50:33 IST" duration-ms="13">
    <groups>
    </groups>
    <test started-at="2026-01-22T21:50:33 IST" name="Demo" finished-at="2026-01-22T21:50:33 IST" duration-ms="13">
    </test> <!-- Demo -->
  </suite> <!-- Testng_Enabledisableattribute&@ignoretag_13 by packages -->
</testng-results>
