<?xml version="1.0" encoding="UTF-8"?>
<testng-results ignored="0" total="1" passed="1" failed="0" skipped="0">
  <reporter-output>
  </reporter-output>
  <suite started-at="2026-02-06T15:59:45 IST" name="Default suite" finished-at="2026-02-06T15:59:50 IST" duration-ms="4597">
    <groups>
    </groups>
    <test started-at="2026-02-06T15:59:45 IST" name="Default test" finished-at="2026-02-06T15:59:50 IST" duration-ms="4597">
      <class name="Basic.Basic_01.Pathparameters">
        <test-method signature="Pathparameterex()[pri:0, instance:Basic.Basic_01.Pathparameters@59662a0b]" started-at="2026-02-06T15:59:45 IST" name="Pathparameterex" finished-at="2026-02-06T15:59:50 IST" duration-ms="4538" status="PASS">
          <reporter-output>
          </reporter-output>
        </test-method> <!-- Pathparameterex -->
      </class> <!-- Basic.Basic_01.Pathparameters -->
    </test> <!-- Default test -->
  </suite> <!-- Default suite -->
</testng-results>
