<?xml version="1.0" encoding="UTF-8"?>
<!-- Generated by org.testng.reporters.JUnitReportReporter -->
<testsuite hostname="BhanuReddyPc" failures="0" tests="4" name="Login.Testingarray" time="16.063" errors="0" timestamp="2026-01-29T12:10:20 IST" skipped="0">
  <testcase classname="Login.Testingarray" name="testMethod" time="4.016"/>
  <testcase classname="Login.Testingarray" name="testMethod" time="4.016"/>
  <testcase classname="Login.Testingarray" name="testMethod" time="4.015"/>
  <testcase classname="Login.Testingarray" name="testMethod" time="4.016"/>
</testsuite> <!-- Login.Testingarray -->
