<?xml version="1.0" encoding="UTF-8"?>
<testng-results ignored="0" total="7" passed="6" failed="1" skipped="0">
  <reporter-output>
  </reporter-output>
  <suite started-at="2026-01-22T22:28:14 IST" name="Default suite" finished-at="2026-01-22T22:29:03 IST" duration-ms="49058">
    <groups>
    </groups>
    <test started-at="2026-01-22T22:28:14 IST" name="Default test" finished-at="2026-01-22T22:29:03 IST" duration-ms="49058">
      <class name="Assertionsandtypes.Assertions">
        <test-method signature="assertequals()[pri:1, instance:Assertionsandtypes.Assertions@7b98f307]" started-at="2026-01-22T22:28:14 IST" name="assertequals" finished-at="2026-01-22T22:28:21 IST" duration-ms="6786" status="PASS">
          <reporter-output>
          </reporter-output>
        </test-method> <!-- assertequals -->
        <test-method signature="assertNotEquals()[pri:2, instance:Assertionsandtypes.Assertions@7b98f307]" started-at="2026-01-22T22:28:21 IST" name="assertNotEquals" finished-at="2026-01-22T22:28:21 IST" duration-ms="4" status="PASS">
          <reporter-output>
          </reporter-output>
        </test-method> <!-- assertNotEquals -->
        <test-method signature="assertTrue()[pri:3, instance:Assertionsandtypes.Assertions@7b98f307]" started-at="2026-01-22T22:28:21 IST" name="assertTrue" finished-at="2026-01-22T22:29:00 IST" duration-ms="38649" status="PASS">
          <reporter-output>
          </reporter-output>
        </test-method> <!-- assertTrue -->
        <test-method signature="assertFalse()[pri:4, instance:Assertionsandtypes.Assertions@7b98f307]" started-at="2026-01-22T22:29:00 IST" name="assertFalse" finished-at="2026-01-22T22:29:00 IST" duration-ms="1" status="PASS">
          <reporter-output>
          </reporter-output>
        </test-method> <!-- assertFalse -->
        <test-method signature="assertNullmethod()[pri:5, instance:Assertionsandtypes.Assertions@7b98f307]" started-at="2026-01-22T22:29:00 IST" name="assertNullmethod" finished-at="2026-01-22T22:29:00 IST" duration-ms="2" status="PASS">
          <reporter-output>
          </reporter-output>
        </test-method> <!-- assertNullmethod -->
        <test-method signature="assertNotNull()[pri:6, instance:Assertionsandtypes.Assertions@7b98f307]" started-at="2026-01-22T22:29:00 IST" name="assertNotNull" finished-at="2026-01-22T22:29:00 IST" duration-ms="3" status="PASS">
          <reporter-output>
          </reporter-output>
        </test-method> <!-- assertNotNull -->
        <test-method signature="fail()[pri:7, instance:Assertionsandtypes.Assertions@7b98f307]" started-at="2026-01-22T22:29:00 IST" name="fail" finished-at="2026-01-22T22:29:03 IST" duration-ms="3540" status="FAIL">
          <exception class="java.lang.AssertionError">
            <message>
              <![CDATA[Macbook is displayed hence its failed]]>
            </message>
            <full-stacktrace>
              <![CDATA[java.lang.AssertionError: Macbook is displayed hence its failed
at org.testng.Assert.fail(Assert.java:111)
at Assertionsandtypes.Assertions.fail(Assertions.java:83)
at java.base/jdk.internal.reflect.DirectMethodHandleAccessor.invoke(DirectMethodHandleAccessor.java:103)
at java.base/java.lang.reflect.Method.invoke(Method.java:580)
at org.testng.internal.invokers.MethodInvocationHelper.invokeMethod(MethodInvocationHelper.java:141)
at org.testng.internal.invokers.TestInvoker.invokeMethod(TestInvoker.java:687)
at org.testng.internal.invokers.TestInvoker.invokeTestMethod(TestInvoker.java:230)
at org.testng.internal.invokers.MethodRunner.runInSequence(MethodRunner.java:63)
at org.testng.internal.invokers.TestInvoker$MethodInvocationAgent.invoke(TestInvoker.java:995)
at org.testng.internal.invokers.TestInvoker.invokeTestMethods(TestInvoker.java:203)
at org.testng.internal.invokers.TestMethodWorker.invokeTestMethods(TestMethodWorker.java:154)
at org.testng.internal.invokers.TestMethodWorker.run(TestMethodWorker.java:134)
at java.base/java.util.ArrayList.forEach(ArrayList.java:1596)
at org.testng.TestRunner.privateRun(TestRunner.java:741)
at org.testng.TestRunner.run(TestRunner.java:616)
at org.testng.SuiteRunner.runTest(SuiteRunner.java:421)
at org.testng.SuiteRunner.runSequentially(SuiteRunner.java:413)
at org.testng.SuiteRunner.privateRun(SuiteRunner.java:373)
at org.testng.SuiteRunner.run(SuiteRunner.java:312)
at org.testng.SuiteRunnerWorker.runSuite(SuiteRunnerWorker.java:52)
at org.testng.SuiteRunnerWorker.run(SuiteRunnerWorker.java:95)
at org.testng.TestNG.runSuitesSequentially(TestNG.java:1274)
at org.testng.TestNG.runSuitesLocally(TestNG.java:1208)
at org.testng.TestNG.runSuites(TestNG.java:1112)
at org.testng.TestNG.run(TestNG.java:1079)
at org.testng.remote.AbstractRemoteTestNG.run(AbstractRemoteTestNG.java:115)
at org.testng.remote.RemoteTestNG.initAndRun(RemoteTestNG.java:293)
at org.testng.remote.RemoteTestNG.main(RemoteTestNG.java:91)
]]>
            </full-stacktrace>
          </exception> <!-- java.lang.AssertionError -->
          <reporter-output>
          </reporter-output>
        </test-method> <!-- fail -->
      </class> <!-- Assertionsandtypes.Assertions -->
    </test> <!-- Default test -->
  </suite> <!-- Default suite -->
</testng-results>
