<?xml version="1.0" encoding="UTF-8"?>
<testng-results ignored="0" total="1" passed="1" failed="0" skipped="0">
  <reporter-output>
  </reporter-output>
  <suite started-at="2026-01-21T18:11:37 IST" name="Default suite" finished-at="2026-01-21T18:11:45 IST" duration-ms="8120">
    <groups>
    </groups>
    <test started-at="2026-01-21T18:11:37 IST" name="Default test" finished-at="2026-01-21T18:11:45 IST" duration-ms="8120">
      <class name="Assertionstypes.Assertions">
        <test-method signature="Hardandsoft()[pri:1, instance:Assertionstypes.Assertions@394a2528]" started-at="2026-01-21T18:11:37 IST" name="Hardandsoft" finished-at="2026-01-21T18:11:45 IST" duration-ms="8070" status="PASS">
          <reporter-output>
          </reporter-output>
        </test-method> <!-- Hardandsoft -->
      </class> <!-- Assertionstypes.Assertions -->
    </test> <!-- Default test -->
  </suite> <!-- Default suite -->
</testng-results>
