<?xml version="1.0" encoding="UTF-8"?>
<testng-results ignored="2" total="3" passed="1" failed="0" skipped="0">
  <reporter-output>
  </reporter-output>
  <suite started-at="2026-02-03T15:59:36 IST" name="Default suite" finished-at="2026-02-03T15:59:39 IST" duration-ms="3556">
    <groups>
    </groups>
    <test started-at="2026-02-03T15:59:36 IST" name="Default test" finished-at="2026-02-03T15:59:39 IST" duration-ms="3556">
      <class name="Basic.Basic_01.ResponseJsonbody">
        <test-method signature="readjsonresponseandvalidate()[pri:0, instance:Basic.Basic_01.ResponseJsonbody@1d9b7cce]" started-at="2026-02-03T15:59:36 IST" name="readjsonresponseandvalidate" finished-at="2026-02-03T15:59:39 IST" duration-ms="3510" status="PASS">
          <reporter-output>
          </reporter-output>
        </test-method> <!-- readjsonresponseandvalidate -->
      </class> <!-- Basic.Basic_01.ResponseJsonbody -->
    </test> <!-- Default test -->
  </suite> <!-- Default suite -->
</testng-results>
