<?xml version="1.0" encoding="UTF-8"?>
<!-- Generated by org.testng.reporters.JUnitXMLReporter -->
<testsuite ignored="6" hostname="BhanuReddyPc" failures="0" tests="4" name="Test" time="0.087" errors="0" timestamp="2026-01-22T22:31:48 IST">
  <testcase classname="Demo.Login" name="loginwithinvalidcredentials" time="0.011"/>
  <testcase classname="Demo.Login" name="loginwithnopassword" time="0.002"/>
  <testcase classname="Demo.Login" name="loginwithnousernanme" time="0.005"/>
  <testcase classname="Demo.Login" name="loginwithvalidcredentials" time="0.002"/>
  <testcase classname="Demo.Register" name="Registerwithpassword" time="0.0">
    <ignored/>
  </testcase> <!-- Registerwithpassword -->
  <testcase classname="Searchpackage.Search" name="Searchforexistingprod" time="0.0">
    <ignored/>
  </testcase> <!-- Searchforexistingprod -->
  <testcase classname="Demo.Register" name="Registerwithusername" time="0.0">
    <ignored/>
  </testcase> <!-- Registerwithusername -->
  <testcase classname="Demo.Register" name="Registerwithusernameandpassword" time="0.0">
    <ignored/>
  </testcase> <!-- Registerwithusernameandpassword -->
  <testcase classname="Searchpackage.Search" name="Searchfornoexistingprod" time="0.0">
    <ignored/>
  </testcase> <!-- Searchfornoexistingprod -->
  <testcase classname="Demo.Login" name="loginwithnocredentials" time="0.0">
    <ignored/>
  </testcase> <!-- loginwithnocredentials -->
</testsuite> <!-- Test -->
