<?xml version="1.0" encoding="UTF-8"?>
<!-- Generated by org.testng.reporters.JUnitXMLReporter -->
<testsuite ignored="5" hostname="BhanuReddyPc" failures="0" tests="1" name="Default test" time="0.048" errors="0" timestamp="2026-01-21T15:55:13 IST">
  <testcase classname="A.AppTest" name="apptest5" time="0.01"/>
  <testcase classname="A.AppTest" name="apptest3" time="0.0">
    <ignored/>
  </testcase> <!-- apptest3 -->
  <testcase classname="A.AppTest" name="apptest6" time="0.0">
    <ignored/>
  </testcase> <!-- apptest6 -->
  <testcase classname="A.AppTest" name="apptest2" time="0.0">
    <ignored/>
  </testcase> <!-- apptest2 -->
  <testcase classname="A.AppTest" name="apptest1" time="0.0">
    <ignored/>
  </testcase> <!-- apptest1 -->
  <testcase classname="A.AppTest" name="apptest4" time="0.0">
    <ignored/>
  </testcase> <!-- apptest4 -->
</testsuite> <!-- Default test -->
