<?xml version="1.0" encoding="UTF-8"?>
<testng-results ignored="4" total="5" passed="1" failed="0" skipped="0">
  <reporter-output>
  </reporter-output>
  <suite started-at="2026-02-04T22:56:58 IST" name="Default suite" finished-at="2026-02-04T22:57:02 IST" duration-ms="4896">
    <groups>
    </groups>
    <test started-at="2026-02-04T22:56:58 IST" name="Default test" finished-at="2026-02-04T22:57:02 IST" duration-ms="4896">
      <class name="Basic.Basic_01.Postmethodinrestassured">
        <test-method signature="addproductusingexternalJsonFile()[pri:0, instance:Basic.Basic_01.Postmethodinrestassured@72967906]" started-at="2026-02-04T22:56:58 IST" name="addproductusingexternalJsonFile" finished-at="2026-02-04T22:57:02 IST" duration-ms="4856" status="PASS">
          <reporter-output>
          </reporter-output>
        </test-method> <!-- addproductusingexternalJsonFile -->
      </class> <!-- Basic.Basic_01.Postmethodinrestassured -->
    </test> <!-- Default test -->
  </suite> <!-- Default suite -->
</testng-results>
