<?xml version="1.0" encoding="UTF-8"?>
<testng-results ignored="0" total="2" passed="2" failed="0" skipped="0">
  <reporter-output>
  </reporter-output>
  <suite started-at="2026-01-22T19:56:04 IST" name="Suite" finished-at="2026-01-22T19:56:17 IST" duration-ms="12133">
    <groups>
    </groups>
    <test started-at="2026-01-22T19:56:04 IST" name="Test" finished-at="2026-01-22T19:56:17 IST" duration-ms="12133">
      <class name="Login.Lopginfunction1">
        <test-method signature="loginwithvalidceredentials(java.lang.String)[pri:1, instance:Login.Lopginfunction1@68567e20]" started-at="2026-01-22T19:56:05 IST" name="loginwithvalidceredentials" finished-at="2026-01-22T19:56:11 IST" duration-ms="6854" status="PASS">
          <params>
            <param index="0">
              <value>
                <![CDATA[https://tutorialsninja.com/demo/]]>
              </value>
            </param>
          </params>
          <reporter-output>
          </reporter-output>
        </test-method> <!-- loginwithvalidceredentials -->
        <test-method signature="loginwithinvalidceredentials(java.lang.String,java.lang.String,java.lang.String)[pri:2, instance:Login.Lopginfunction1@68567e20]" started-at="2026-01-22T19:56:11 IST" name="loginwithinvalidceredentials" finished-at="2026-01-22T19:56:17 IST" duration-ms="5218" status="PASS">
          <params>
            <param index="0">
              <value>
                <![CDATA[https://tutorialsninja.com/demo/]]>
              </value>
            </param>
            <param index="1">
              <value>
                <![CDATA[asdfgh@gmail.com]]>
              </value>
            </param>
            <param index="2">
              <value>
                <![CDATA[123456]]>
              </value>
            </param>
          </params>
          <reporter-output>
          </reporter-output>
        </test-method> <!-- loginwithinvalidceredentials -->
      </class> <!-- Login.Lopginfunction1 -->
    </test> <!-- Test -->
  </suite> <!-- Suite -->
</testng-results>
