<?xml version="1.0" encoding="UTF-8"?>
<!-- Generated by org.testng.reporters.JUnitReportReporter -->
<testsuite hostname="BhanuReddyPc" failures="0" tests="4" name="Demo.Register" time="0.025" errors="0" timestamp="2026-01-23T19:16:03 IST" skipped="0">
  <testcase classname="Demo.Register" name="Mandatoryfields" time="0.016"/>
  <testcase classname="Demo.Register" name="Allfields" time="0.004"/>
  <testcase classname="Demo.Register" name="Registerwithputchckbox" time="0.003"/>
  <testcase classname="Demo.Register" name="registerwithnodata" time="0.002"/>
</testsuite> <!-- Demo.Register -->
