<?xml version="1.0" encoding="UTF-8"?>
<!-- Generated by org.testng.reporters.JUnitReportReporter -->
<testsuite hostname="BhanuReddyPc" failures="0" tests="3" name="Demo.Login" time="0.015" errors="0" timestamp="2026-01-23T20:41:55 IST" skipped="0">
  <testcase classname="Demo.Login" name="loginwithvalidceredentials" time="0.009"/>
  <testcase classname="Demo.Login" name="loginwithvalidusernameonly" time="0.002"/>
  <testcase classname="Demo.Login" name="loginwithpasswordonly" time="0.004"/>
</testsuite> <!-- Demo.Login -->
