<?xml version="1.0" encoding="UTF-8"?>
<!-- Generated by org.testng.reporters.JUnitReportReporter -->
<testsuite hostname="BhanuReddyPc" failures="0" tests="3" name="Demo.Search" time="0.009" errors="0" timestamp="2026-01-23T11:44:08 IST" skipped="0">
  <testcase classname="Demo.Search" name="validsearchproduct" time="0.004"/>
  <testcase classname="Demo.Search" name="validsearchproduct" time="0.002"/>
  <testcase classname="Demo.Search" name="Invalidsearchproduct" time="0.003"/>
</testsuite> <!-- Demo.Search -->
