<?xml version="1.0" encoding="UTF-8"?>
<!-- Generated by org.testng.reporters.JUnitXMLReporter -->
<testsuite ignored="0" hostname="BhanuReddyPc" failures="1" tests="5" name="Logintest" time="0.108" errors="0" timestamp="2026-01-31T07:39:28 IST">
  <testcase classname="Login.Login" name="Loginwithvalidcredentials" time="0.011"/>
  <testcase classname="Login.Login" name="Loginwithinvalidcredentials" time="0.009">
    <failure type="java.lang.AssertionError" message="expected [true] but found [false]">
      <![CDATA[java.lang.AssertionError: expected [true] but found [false]
at Login.Login.Loginwithinvalidcredentials(Login.java:15)
at java.base/java.util.ArrayList.forEach(ArrayList.java:1596)
... Removed 29 stack frames]]>
    </failure>
  </testcase> <!-- Loginwithinvalidcredentials -->
  <testcase classname="Login.Login" name="Loginwithnocredentials" time="0.001">
    <skipped/>
  </testcase> <!-- Loginwithnocredentials -->
  <testcase classname="Login.Login" name="Loginwithvalidunameandnopassword" time="0.009"/>
  <testcase classname="Login.Login" name="Loginwithnousernameandvalidpassword" time="0.006"/>
</testsuite> <!-- Logintest -->
