<?xml version="1.0" encoding="UTF-8"?>
<!-- Generated by org.testng.reporters.JUnitReportReporter -->
<testsuite hostname="BhanuReddyPc" failures="0" tests="3" name="Demo.Register" time="0.009" errors="0" timestamp="2026-01-25T11:04:17 IST" skipped="0">
  <testcase classname="Demo.Register" name="Registerwithusername" time="0.004"/>
  <testcase classname="Demo.Register" name="Registerwithusernameandpassword" time="0.002"/>
  <testcase classname="Demo.Register" name="Registerwithpassword" time="0.003"/>
</testsuite> <!-- Demo.Register -->
