<?xml version="1.0" encoding="UTF-8"?>
<!-- Generated by org.testng.reporters.JUnitXMLReporter -->
<testsuite ignored="0" hostname="BhanuReddyPc" failures="0" tests="4" name="Registertest" time="0.076" errors="0" timestamp="2026-01-29T16:20:04 IST">
  <testcase classname="Testserialization.Register" name="registerwithallfields" time="0.011"/>
  <testcase classname="Testserialization.Register" name="registerwithcheckboxfields" time="0.002"/>
  <testcase classname="Testserialization.Register" name="registerwithnocheckboxfields" time="0.001"/>
  <testcase classname="Testserialization.Register" name="registerwithmandatoryfields" time="0.003"/>
</testsuite> <!-- Registertest -->
