<?xml version="1.0" encoding="UTF-8"?>
<!-- Generated by org.testng.reporters.JUnitXMLReporter -->
<testsuite ignored="0" hostname="BhanuReddyPc" failures="0" tests="3" name="Searchtest" time="0.032" errors="0" timestamp="2026-01-29T16:20:05 IST">
  <testcase classname="Testserialization.Search" name="Validsearch" time="0.001"/>
  <testcase classname="Testserialization.Search" name="InValidsearch" time="0.003"/>
  <testcase classname="Testserialization.Search" name="Noinputsearch" time="0.003"/>
</testsuite> <!-- Searchtest -->
