<?xml version="1.0" encoding="UTF-8"?>
<!-- Generated by org.testng.reporters.JUnitReportReporter -->
<testsuite hostname="BhanuReddyPc" failures="0" tests="4" name="Login.Register" time="0.031" errors="0" timestamp="2026-01-30T17:37:25 IST" skipped="0">
  <testcase classname="Login.Register" name="Mandatoryfields" time="0.012"/>
  <testcase classname="Login.Register" name="Allfields" time="0.005"/>
  <testcase classname="Login.Register" name="Registerwithputchckbox" time="0.011"/>
  <testcase classname="Login.Register" name="registerwithnodata" time="0.003"/>
</testsuite> <!-- Login.Register -->
