<?xml version="1.0" encoding="UTF-8"?>
<!-- Generated by org.testng.reporters.JUnitReportReporter -->
<testsuite hostname="BhanuReddyPc" failures="0" tests="6" name="Login.Lopginfunction" time="0.020" errors="0" timestamp="2026-01-25T10:37:57 IST" skipped="0">
  <testcase classname="Login.Lopginfunction" name="loginwithvalidceredentials" time="0.001"/>
  <testcase classname="Login.Lopginfunction" name="loginwithinvalidceredentials" time="0.011"/>
  <testcase classname="Login.Lopginfunction" name="loginwithinvalidusernameandvalidpassword" time="0.001"/>
  <testcase classname="Login.Lopginfunction" name="loginwithvalidusernameandinvalidpassword" time="0.002"/>
  <testcase classname="Login.Lopginfunction" name="loginwithmouseactions" time="0.002"/>
  <testcase classname="Login.Lopginfunction" name="loginwithoutcredentials" time="0.003"/>
</testsuite> <!-- Login.Lopginfunction -->
