<?xml version="1.0" encoding="UTF-8"?>
<testng-results ignored="0" total="1" passed="1" failed="0" skipped="0">
  <reporter-output>
  </reporter-output>
  <suite started-at="2026-03-06T19:31:09 IST" name="Default suite" finished-at="2026-03-06T19:31:17 IST" duration-ms="7959">
    <groups>
    </groups>
    <test started-at="2026-03-06T19:31:09 IST" name="Default test" finished-at="2026-03-06T19:31:17 IST" duration-ms="7959">
      <class name="Basic.Basic_01.JsonValidator">
        <test-method signature="Jsonvalidator()[pri:0, instance:Basic.Basic_01.JsonValidator@4d5d943d]" started-at="2026-03-06T19:31:09 IST" name="Jsonvalidator" finished-at="2026-03-06T19:31:17 IST" duration-ms="7850" status="PASS">
          <reporter-output>
          </reporter-output>
        </test-method> <!-- Jsonvalidator -->
      </class> <!-- Basic.Basic_01.JsonValidator -->
    </test> <!-- Default test -->
  </suite> <!-- Default suite -->
</testng-results>
