<?xml version="1.0" encoding="UTF-8"?>
<!-- Generated by org.testng.reporters.JUnitReportReporter -->
<testsuite hostname="BhanuReddyPc" failures="0" tests="3" name="Demo.OnedimObjectArray" time="0.011" errors="0" timestamp="2026-01-29T19:46:19 IST" skipped="0">
  <testcase classname="Demo.OnedimObjectArray" name="general" time="0.007"/>
  <testcase classname="Demo.OnedimObjectArray" name="general" time="0.002"/>
  <testcase classname="Demo.OnedimObjectArray" name="general" time="0.002"/>
</testsuite> <!-- Demo.OnedimObjectArray -->
