<?xml version="1.0" encoding="UTF-8"?>
<!-- Generated by org.testng.reporters.JUnitReportReporter -->
<testsuite hostname="BhanuReddyPc" failures="0" tests="5" name="Testserialization.login" time="0.034" errors="0" timestamp="2026-01-29T18:29:33 IST" skipped="0">
  <testcase classname="Testserialization.login" name="loginwithvalidcredentials" time="0.014"/>
  <testcase classname="Testserialization.login" name="loginwithInvalidcredentials" time="0.009"/>
  <testcase classname="Testserialization.login" name="loginwithvalidusernameandInvalidpassword" time="0.003"/>
  <testcase classname="Testserialization.login" name="loginwithInvalidUsernameandinvalidpassword" time="0.003"/>
  <testcase classname="Testserialization.login" name="loginwithnocredentials" time="0.005"/>
</testsuite> <!-- Testserialization.login -->
