<?xml version="1.0" encoding="UTF-8"?>
<!-- Generated by org.testng.reporters.JUnitReportReporter -->
<testsuite hostname="BhanuReddyPc" failures="0" tests="4" name="Testserialization.Register" time="0.027" errors="0" timestamp="2026-01-29T18:29:33 IST" skipped="0">
  <testcase classname="Testserialization.Register" name="registerwithallfields" time="0.015"/>
  <testcase classname="Testserialization.Register" name="registerwithcheckboxfields" time="0.003"/>
  <testcase classname="Testserialization.Register" name="registerwithnocheckboxfields" time="0.004"/>
  <testcase classname="Testserialization.Register" name="registerwithmandatoryfields" time="0.005"/>
</testsuite> <!-- Testserialization.Register -->
