<?xml version="1.0" encoding="UTF-8"?>
<!-- Generated by org.testng.reporters.JUnitReportReporter -->
<testsuite hostname="BhanuReddyPc" failures="0" tests="5" name="Demo.Lopgin" time="0.027" errors="0" timestamp="2026-01-23T10:43:19 IST" skipped="0">
  <testcase classname="Demo.Lopgin" name="loginwithvalidceredentials" time="0.012"/>
  <testcase classname="Demo.Lopgin" name="loginwithvalidusernameonly" time="0.003"/>
  <testcase classname="Demo.Lopgin" name="loginwithwithpasswordonly" time="0.005"/>
  <testcase classname="Demo.Lopgin" name="loginwithnousername" time="0.003"/>
  <testcase classname="Demo.Lopgin" name="loginwithinvalidceredentials" time="0.004"/>
</testsuite> <!-- Demo.Lopgin -->
